<?xml version="1.0" encoding="UTF-8"?>
<testsuite name="com.jbscript.alladin.AlladinApplicationTests" tests="1" skipped="0" failures="0" errors="0" timestamp="2024-01-29T20:14:37" hostname="fedora" time="1.213">
  <properties/>
  <testcase name="contextLoads()" classname="com.jbscript.alladin.AlladinApplicationTests" time="1.213"/>
  <system-out><![CDATA[17:14:34.316 [Test worker] INFO org.springframework.test.context.support.AnnotationConfigContextLoaderUtils -- Could not detect default configuration classes for test class [com.jbscript.alladin.AlladinApplicationTests]: AlladinApplicationTests does not declare any static, non-private, non-final, nested classes annotated with @Configuration.
17:14:34.492 [Test worker] INFO org.springframework.boot.test.context.SpringBootTestContextBootstrapper -- Found @SpringBootConfiguration com.jbscript.alladin.AlladinApplication for test class com.jbscript.alladin.AlladinApplicationTests

  .   ____          _            __ _ _
 /\\ / ___'_ __ _ _(_)_ __  __ _ \ \ \ \
( ( )\___ | '_ | '_| | '_ \/ _` | \ \ \ \
 \\/  ___)| |_)| | | | | || (_| |  ) ) ) )
  '  |____| .__|_| |_|_| |_\__, | / / / /
 =========|_|==============|___/=/_/_/_/
 :: Spring Boot ::                (v3.1.2)

2024-01-29T17:14:35.583-03:00  INFO 49518 --- [    Test worker] c.j.alladin.AlladinApplicationTests      : Starting AlladinApplicationTests using Java 17.0.9 with PID 49518 (started by jbonifacio in /home/jbonifacio/Project/AlladinBack/alladin-web)
2024-01-29T17:14:35.588-03:00  INFO 49518 --- [    Test worker] c.j.alladin.AlladinApplicationTests      : The following 1 profile is active: "cloud"
2024-01-29T17:14:37.501-03:00  INFO 49518 --- [    Test worker] c.j.alladin.AlladinApplicationTests      : Started AlladinApplicationTests in 2.708 seconds (process running for 5.272)
]]></system-out>
  <system-err><![CDATA[]]></system-err>
</testsuite>
